<?xml version="1.0" encoding="UTF-8"?>
<!-- Generated by org.testng.reporters.JUnitXMLReporter -->
<testsuite ignored="0" hostname="DESKTOP-MNNV16U" failures="0" tests="10" name="Default test" time="29.382" errors="0" timestamp="2025-03-23T22:55:32 IST">
  <testcase classname="com.ust.testcases.TestPath" name="getSingleResourceRequestTest" time="14.54"/>
  <testcase classname="com.ust.testcases.TestPath" name="getListResourcesTest" time="0.799"/>
  <testcase classname="com.ust.testcases.TestPath" name="postResourcesRequest" time="1.39"/>
  <testcase classname="com.ust.testcases.TestPath" name="postResourcesRequest" time="1.466"/>
  <testcase classname="com.ust.testcases.TestPath" name="postResourcesRequest" time="0.925"/>
  <testcase classname="com.ust.testcases.TestPath" name="putRequestTest" time="0.933"/>
  <testcase classname="com.ust.testcases.TestPath" name="patchRequestTest" time="0.739"/>
  <testcase classname="com.ust.testcases.TestPath" name="deleteRequestTest" time="0.849"/>
  <testcase classname="com.ust.testcases.TestPath" name="filterRequestTest" time="1.17"/>
  <testcase classname="com.ust.testcases.TestPath" name="nestRequestTest" time="1.898"/>
</testsuite> <!-- Default test -->
