<?xml version="1.0" encoding="UTF-8"?>
<testng-results ignored="0" total="10" passed="10" failed="0" skipped="0">
  <reporter-output>
  </reporter-output>
  <suite started-at="2025-03-23T22:55:03 IST" name="Default suite" finished-at="2025-03-23T22:55:32 IST" duration-ms="29382">
    <groups>
    </groups>
    <test started-at="2025-03-23T22:55:03 IST" name="Default test" finished-at="2025-03-23T22:55:32 IST" duration-ms="29382">
      <class name="com.ust.testcases.TestPath">
        <test-method is-config="true" signature="setUp()[pri:0, instance:com.ust.testcases.TestPath@a1cdc6d]" started-at="2025-03-23T22:55:04 IST" name="setUp" finished-at="2025-03-23T22:55:05 IST" duration-ms="1083" status="PASS">
          <reporter-output>
          </reporter-output>
        </test-method> <!-- setUp -->
        <test-method signature="getSingleResourceRequestTest()[pri:0, instance:com.ust.testcases.TestPath@a1cdc6d]" started-at="2025-03-23T22:55:05 IST" name="getSingleResourceRequestTest" finished-at="2025-03-23T22:55:19 IST" duration-ms="14540" status="PASS">
          <reporter-output>
          </reporter-output>
        </test-method> <!-- getSingleResourceRequestTest -->
        <test-method signature="getListResourcesTest()[pri:1, instance:com.ust.testcases.TestPath@a1cdc6d]" started-at="2025-03-23T22:55:19 IST" name="getListResourcesTest" finished-at="2025-03-23T22:55:20 IST" duration-ms="799" status="PASS">
          <reporter-output>
          </reporter-output>
        </test-method> <!-- getListResourcesTest -->
        <test-method signature="postResourcesRequest(java.lang.String,java.lang.String,java.lang.String)[pri:2, instance:com.ust.testcases.TestPath@a1cdc6d]" started-at="2025-03-23T22:55:23 IST" name="postResourcesRequest" data-provider="data" finished-at="2025-03-23T22:55:24 IST" duration-ms="1390" status="PASS">
          <params>
            <param index="0">
              <value>
                <![CDATA[Daily Activity Recap]]>
              </value>
            </param>
            <param index="1">
              <value>
                <![CDATA[Brief summary of today's events and accomplishments.]]>
              </value>
            </param>
            <param index="2">
              <value>
                <![CDATA[1]]>
              </value>
            </param>
          </params>
          <reporter-output>
          </reporter-output>
        </test-method> <!-- postResourcesRequest -->
        <test-method signature="postResourcesRequest(java.lang.String,java.lang.String,java.lang.String)[pri:2, instance:com.ust.testcases.TestPath@a1cdc6d]" started-at="2025-03-23T22:55:24 IST" name="postResourcesRequest" data-provider="data" finished-at="2025-03-23T22:55:26 IST" duration-ms="1466" status="PASS">
          <params>
            <param index="0">
              <value>
                <![CDATA[Recipe Collection]]>
              </value>
            </param>
            <param index="1">
              <value>
                <![CDATA[Compilation of favorite dishes and cooking instructions.]]>
              </value>
            </param>
            <param index="2">
              <value>
                <![CDATA[2]]>
              </value>
            </param>
          </params>
          <reporter-output>
          </reporter-output>
        </test-method> <!-- postResourcesRequest -->
        <test-method signature="postResourcesRequest(java.lang.String,java.lang.String,java.lang.String)[pri:2, instance:com.ust.testcases.TestPath@a1cdc6d]" started-at="2025-03-23T22:55:26 IST" name="postResourcesRequest" data-provider="data" finished-at="2025-03-23T22:55:27 IST" duration-ms="925" status="PASS">
          <params>
            <param index="0">
              <value>
                <![CDATA[Travel Bucket List]]>
              </value>
            </param>
            <param index="1">
              <value>
                <![CDATA[List of dream destinations to visit someday.]]>
              </value>
            </param>
            <param index="2">
              <value>
                <![CDATA[3]]>
              </value>
            </param>
          </params>
          <reporter-output>
          </reporter-output>
        </test-method> <!-- postResourcesRequest -->
        <test-method signature="putRequestTest()[pri:3, instance:com.ust.testcases.TestPath@a1cdc6d]" started-at="2025-03-23T22:55:27 IST" name="putRequestTest" finished-at="2025-03-23T22:55:28 IST" duration-ms="933" status="PASS">
          <reporter-output>
          </reporter-output>
        </test-method> <!-- putRequestTest -->
        <test-method signature="patchRequestTest()[pri:4, instance:com.ust.testcases.TestPath@a1cdc6d]" started-at="2025-03-23T22:55:28 IST" name="patchRequestTest" finished-at="2025-03-23T22:55:28 IST" duration-ms="739" status="PASS">
          <reporter-output>
          </reporter-output>
        </test-method> <!-- patchRequestTest -->
        <test-method signature="deleteRequestTest()[pri:5, instance:com.ust.testcases.TestPath@a1cdc6d]" started-at="2025-03-23T22:55:28 IST" name="deleteRequestTest" finished-at="2025-03-23T22:55:29 IST" duration-ms="849" status="PASS">
          <reporter-output>
          </reporter-output>
        </test-method> <!-- deleteRequestTest -->
        <test-method signature="filterRequestTest()[pri:6, instance:com.ust.testcases.TestPath@a1cdc6d]" started-at="2025-03-23T22:55:29 IST" name="filterRequestTest" finished-at="2025-03-23T22:55:30 IST" duration-ms="1170" status="PASS">
          <reporter-output>
          </reporter-output>
        </test-method> <!-- filterRequestTest -->
        <test-method signature="nestRequestTest()[pri:7, instance:com.ust.testcases.TestPath@a1cdc6d]" started-at="2025-03-23T22:55:30 IST" name="nestRequestTest" finished-at="2025-03-23T22:55:32 IST" duration-ms="1898" status="PASS">
          <reporter-output>
          </reporter-output>
        </test-method> <!-- nestRequestTest -->
      </class> <!-- com.ust.testcases.TestPath -->
    </test> <!-- Default test -->
  </suite> <!-- Default suite -->
</testng-results>
